[     165ms] [ERROR] Failed to load resource: the server responded with a status of 500 (Internal Server Error) @ http://localhost:3000/places/marshall-beach:0
[     329ms] [INFO] %cDownload the React DevTools for a better development experience: https://reactjs.org/link/react-devtools font-weight:bold @ webpack-internal:///./node_modules/react-dom/cjs/react-dom.development.js:29889
[     362ms] Error: Cannot find module './vendor-chunks/mapbox-gl.js'
Require stack:
- /home/timmy/oculi/.next/server/webpack-runtime.js
- /home/timmy/oculi/.next/server/app/places/[placeId]/page.js
- /home/timmy/oculi/node_modules/next/dist/server/require.js
- /home/timmy/oculi/node_modules/next/dist/server/load-components.js
- /home/timmy/oculi/node_modules/next/dist/build/utils.js
- /home/timmy/oculi/node_modules/next/dist/server/dev/static-paths-worker.js
- /home/timmy/oculi/node_modules/next/dist/compiled/jest-worker/processChild.js
    at Module.<anonymous> (node:internal/modules/cjs/loader:1500:15)
    at <unknown> (file:///home/timmy/oculi/node_modules/next/dist/server/require-hook.js:55:36)
    at wrapResolveFilename (node:internal/modules/cjs/loader:1071:27)
    at defaultResolveImplForCJSLoading (node:internal/modules/cjs/loader:1095:10)
    at resolveForCJSWithHooks (node:internal/modules/cjs/loader:1116:12)
    at Module._load (node:internal/modules/cjs/loader:1285:25)
    at wrapModuleLoad (node:internal/modules/cjs/loader:255:19)
    at Module.<anonymous> (node:internal/modules/cjs/loader:1600:12)
    at mod.require (file:///home/timmy/oculi/node_modules/next/dist/server/require-hook.js:65:28)
    at require (node:internal/modules/helpers:153:16)
[     362ms] [LOG] [HMR] connected @ webpack-internal:///./node_modules/next/dist/client/components/react-dev-overlay/pages/websocket.js:38
[     376ms] [ERROR] Failed to load resource: the server responded with a status of 404 (Not Found) @ http://localhost:3000/favicon.ico:0
